[2021-06-04 01:45:34] wpdesk.DEBUG: Sender payload: {"click_action":"no","url":"https:\/\/www.huyhoangcenter.com","localhost":"no"} {"source":"wpdesk-sender"} []
[2021-06-04 01:45:35] wpdesk.DEBUG: Sender response: {"headers":[],"body":"","response":{"code":false,"message":false},"cookies":[],"http_response":null} {"source":"wpdesk-sender"} []
[04-Jun-2021 01:46:57 UTC] 16384: GoDaddy\WordPress\MWC\Common\Repositories\WordPressRepository::getUser is deprecated since version x.y.z! Use GoDaddy\WordPress\MWC\Common\Users\User::getCurrent() instead.
[04-Jun-2021 01:46:57 UTC] 16384: GoDaddy\WordPress\MWC\Common\Repositories\WordPressRepository::getUserByEmail is deprecated since version x.y.z! Use GoDaddy\WordPress\MWC\Common\Users\User::getByEmail() instead.
[04-Jun-2021 01:46:57 UTC] 16384: GoDaddy\WordPress\MWC\Common\Repositories\WordPressRepository::getUserByLogin is deprecated since version x.y.z! Use GoDaddy\WordPress\MWC\Common\Users\User::getByHandle() instead.
[04-Jun-2021 01:46:57 UTC] 16384: GoDaddy\WordPress\MWC\Common\Repositories\WordPressRepository::getCurrentUserId is deprecated since version x.y.z! Use GoDaddy\WordPress\MWC\Common\Users\User::getCurrent() instead.
[04-Jun-2021 01:46:57 UTC] 16384: GoDaddy\WordPress\MWC\Common\Repositories\WordPressRepository::getUser is deprecated since version x.y.z! Use GoDaddy\WordPress\MWC\Common\Users\User::getCurrent() instead.
[04-Jun-2021 01:46:58 UTC] 16384: GoDaddy\WordPress\MWC\Common\Repositories\WordPressRepository::getUser is deprecated since version x.y.z! Use GoDaddy\WordPress\MWC\Common\Users\User::getCurrent() instead.
[04-Jun-2021 01:46:58 UTC] 16384: GoDaddy\WordPress\MWC\Common\Repositories\WordPressRepository::getUserByEmail is deprecated since version x.y.z! Use GoDaddy\WordPress\MWC\Common\Users\User::getByEmail() instead.
[04-Jun-2021 01:46:58 UTC] 16384: GoDaddy\WordPress\MWC\Common\Repositories\WordPressRepository::getUserByLogin is deprecated since version x.y.z! Use GoDaddy\WordPress\MWC\Common\Users\User::getByHandle() instead.
[04-Jun-2021 01:46:58 UTC] 16384: GoDaddy\WordPress\MWC\Common\Repositories\WordPressRepository::getCurrentUserId is deprecated since version x.y.z! Use GoDaddy\WordPress\MWC\Common\Users\User::getCurrent() instead.
[04-Jun-2021 01:46:58 UTC] 16384: GoDaddy\WordPress\MWC\Common\Repositories\WordPressRepository::getUser is deprecated since version x.y.z! Use GoDaddy\WordPress\MWC\Common\Users\User::getCurrent() instead.
[04-Jun-2021 01:47:00 UTC] 16384: GoDaddy\WordPress\MWC\Common\Repositories\WordPressRepository::getUser is deprecated since version x.y.z! Use GoDaddy\WordPress\MWC\Common\Users\User::getCurrent() instead.
[04-Jun-2021 01:47:00 UTC] 16384: GoDaddy\WordPress\MWC\Common\Repositories\WordPressRepository::getUser is deprecated since version x.y.z! Use GoDaddy\WordPress\MWC\Common\Users\User::getCurrent() instead.
[04-Jun-2021 01:47:00 UTC] 16384: GoDaddy\WordPress\MWC\Common\Repositories\WordPressRepository::getUser is deprecated since version x.y.z! Use GoDaddy\WordPress\MWC\Common\Users\User::getCurrent() instead.
[04-Jun-2021 01:47:00 UTC] 16384: GoDaddy\WordPress\MWC\Common\Repositories\WordPressRepository::getUser is deprecated since version x.y.z! Use GoDaddy\WordPress\MWC\Common\Users\User::getCurrent() instead.
[04-Jun-2021 01:47:00 UTC] 16384: GoDaddy\WordPress\MWC\Common\Repositories\WordPressRepository::getUser is deprecated since version x.y.z! Use GoDaddy\WordPress\MWC\Common\Users\User::getCurrent() instead.
[04-Jun-2021 01:47:00 UTC] 16384: GoDaddy\WordPress\MWC\Common\Repositories\WordPressRepository::getUser is deprecated since version x.y.z! Use GoDaddy\WordPress\MWC\Common\Users\User::getCurrent() instead.
[04-Jun-2021 01:47:00 UTC] 16384: GoDaddy\WordPress\MWC\Common\Repositories\WordPressRepository::getUser is deprecated since version x.y.z! Use GoDaddy\WordPress\MWC\Common\Users\User::getCurrent() instead.
[04-Jun-2021 01:47:00 UTC] 16384: GoDaddy\WordPress\MWC\Common\Repositories\WordPressRepository::getUser is deprecated since version x.y.z! Use GoDaddy\WordPress\MWC\Common\Users\User::getCurrent() instead.
[04-Jun-2021 01:47:00 UTC] 16384: GoDaddy\WordPress\MWC\Common\Repositories\WordPressRepository::getUser is deprecated since version x.y.z! Use GoDaddy\WordPress\MWC\Common\Users\User::getCurrent() instead.
[04-Jun-2021 01:47:00 UTC] 16384: GoDaddy\WordPress\MWC\Common\Repositories\WordPressRepository::getUserByEmail is deprecated since version x.y.z! Use GoDaddy\WordPress\MWC\Common\Users\User::getByEmail() instead.
[04-Jun-2021 01:47:00 UTC] 16384: GoDaddy\WordPress\MWC\Common\Repositories\WordPressRepository::getUserByLogin is deprecated since version x.y.z! Use GoDaddy\WordPress\MWC\Common\Users\User::getByHandle() instead.
[04-Jun-2021 01:47:00 UTC] 16384: GoDaddy\WordPress\MWC\Common\Repositories\WordPressRepository::getCurrentUserId is deprecated since version x.y.z! Use GoDaddy\WordPress\MWC\Common\Users\User::getCurrent() instead.
[04-Jun-2021 01:47:00 UTC] 16384: GoDaddy\WordPress\MWC\Common\Repositories\WordPressRepository::getUser is deprecated since version x.y.z! Use GoDaddy\WordPress\MWC\Common\Users\User::getCurrent() instead.
[04-Jun-2021 01:47:00 UTC] 16384: GoDaddy\WordPress\MWC\Common\Repositories\WordPressRepository::getUser is deprecated since version x.y.z! Use GoDaddy\WordPress\MWC\Common\Users\User::getCurrent() instead.
[04-Jun-2021 01:47:00 UTC] 16384: GoDaddy\WordPress\MWC\Common\Repositories\WordPressRepository::getUser is deprecated since version x.y.z! Use GoDaddy\WordPress\MWC\Common\Users\User::getCurrent() instead.
[04-Jun-2021 01:47:00 UTC] 16384: GoDaddy\WordPress\MWC\Common\Repositories\WordPressRepository::getUser is deprecated since version x.y.z! Use GoDaddy\WordPress\MWC\Common\Users\User::getCurrent() instead.
[04-Jun-2021 01:47:00 UTC] 16384: GoDaddy\WordPress\MWC\Common\Repositories\WordPressRepository::getUser is deprecated since version x.y.z! Use GoDaddy\WordPress\MWC\Common\Users\User::getCurrent() instead.
[04-Jun-2021 01:47:00 UTC] 16384: GoDaddy\WordPress\MWC\Common\Repositories\WordPressRepository::getUser is deprecated since version x.y.z! Use GoDaddy\WordPress\MWC\Common\Users\User::getCurrent() instead.
[04-Jun-2021 01:47:00 UTC] 16384: GoDaddy\WordPress\MWC\Common\Repositories\WordPressRepository::getUser is deprecated since version x.y.z! Use GoDaddy\WordPress\MWC\Common\Users\User::getCurrent() instead.
[04-Jun-2021 01:47:00 UTC] 16384: GoDaddy\WordPress\MWC\Common\Repositories\WordPressRepository::getUser is deprecated since version x.y.z! Use GoDaddy\WordPress\MWC\Common\Users\User::getCurrent() instead.
[04-Jun-2021 01:47:00 UTC] 16384: GoDaddy\WordPress\MWC\Common\Repositories\WordPressRepository::getUser is deprecated since version x.y.z! Use GoDaddy\WordPress\MWC\Common\Users\User::getCurrent() instead.
[04-Jun-2021 01:47:01 UTC] 16384: GoDaddy\WordPress\MWC\Common\Repositories\WordPressRepository::getUser is deprecated since version x.y.z! Use GoDaddy\WordPress\MWC\Common\Users\User::getCurrent() instead.
[04-Jun-2021 01:47:01 UTC] 16384: GoDaddy\WordPress\MWC\Common\Repositories\WordPressRepository::getUserByEmail is deprecated since version x.y.z! Use GoDaddy\WordPress\MWC\Common\Users\User::getByEmail() instead.
[04-Jun-2021 01:47:01 UTC] 16384: GoDaddy\WordPress\MWC\Common\Repositories\WordPressRepository::getUserByLogin is deprecated since version x.y.z! Use GoDaddy\WordPress\MWC\Common\Users\User::getByHandle() instead.
[04-Jun-2021 01:47:01 UTC] 16384: GoDaddy\WordPress\MWC\Common\Repositories\WordPressRepository::getCurrentUserId is deprecated since version x.y.z! Use GoDaddy\WordPress\MWC\Common\Users\User::getCurrent() instead.
[04-Jun-2021 01:47:01 UTC] 16384: GoDaddy\WordPress\MWC\Common\Repositories\WordPressRepository::getUser is deprecated since version x.y.z! Use GoDaddy\WordPress\MWC\Common\Users\User::getCurrent() instead.
[04-Jun-2021 01:47:07 UTC] 16384: GoDaddy\WordPress\MWC\Common\Repositories\WordPressRepository::getUser is deprecated since version x.y.z! Use GoDaddy\WordPress\MWC\Common\Users\User::getCurrent() instead.
[04-Jun-2021 01:47:07 UTC] 16384: GoDaddy\WordPress\MWC\Common\Repositories\WordPressRepository::getUserByEmail is deprecated since version x.y.z! Use GoDaddy\WordPress\MWC\Common\Users\User::getByEmail() instead.
[04-Jun-2021 01:47:07 UTC] 16384: GoDaddy\WordPress\MWC\Common\Repositories\WordPressRepository::getUserByLogin is deprecated since version x.y.z! Use GoDaddy\WordPress\MWC\Common\Users\User::getByHandle() instead.
[04-Jun-2021 01:47:07 UTC] 16384: GoDaddy\WordPress\MWC\Common\Repositories\WordPressRepository::getCurrentUserId is deprecated since version x.y.z! Use GoDaddy\WordPress\MWC\Common\Users\User::getCurrent() instead.
[04-Jun-2021 01:47:07 UTC] 16384: GoDaddy\WordPress\MWC\Common\Repositories\WordPressRepository::getUser is deprecated since version x.y.z! Use GoDaddy\WordPress\MWC\Common\Users\User::getCurrent() instead.
[04-Jun-2021 01:47:07 UTC] 16384: GoDaddy\WordPress\MWC\Common\Repositories\WordPressRepository::getUser is deprecated since version x.y.z! Use GoDaddy\WordPress\MWC\Common\Users\User::getCurrent() instead.
[04-Jun-2021 01:47:07 UTC] 16384: GoDaddy\WordPress\MWC\Common\Repositories\WordPressRepository::getUser is deprecated since version x.y.z! Use GoDaddy\WordPress\MWC\Common\Users\User::getCurrent() instead.
[04-Jun-2021 01:47:07 UTC] 16384: GoDaddy\WordPress\MWC\Common\Repositories\WordPressRepository::getUser is deprecated since version x.y.z! Use GoDaddy\WordPress\MWC\Common\Users\User::getCurrent() instead.
[04-Jun-2021 01:47:07 UTC] 16384: GoDaddy\WordPress\MWC\Common\Repositories\WordPressRepository::getUser is deprecated since version x.y.z! Use GoDaddy\WordPress\MWC\Common\Users\User::getCurrent() instead.
[04-Jun-2021 01:47:07 UTC] 16384: GoDaddy\WordPress\MWC\Common\Repositories\WordPressRepository::getUser is deprecated since version x.y.z! Use GoDaddy\WordPress\MWC\Common\Users\User::getCurrent() instead.
[04-Jun-2021 01:47:07 UTC] 16384: GoDaddy\WordPress\MWC\Common\Repositories\WordPressRepository::getUser is deprecated since version x.y.z! Use GoDaddy\WordPress\MWC\Common\Users\User::getCurrent() instead.
[04-Jun-2021 01:47:07 UTC] 16384: GoDaddy\WordPress\MWC\Common\Repositories\WordPressRepository::getUser is deprecated since version x.y.z! Use GoDaddy\WordPress\MWC\Common\Users\User::getCurrent() instead.
[04-Jun-2021 01:47:07 UTC] 16384: GoDaddy\WordPress\MWC\Common\Repositories\WordPressRepository::getUser is deprecated since version x.y.z! Use GoDaddy\WordPress\MWC\Common\Users\User::getCurrent() instead.
[04-Jun-2021 01:47:07 UTC] 16384: GoDaddy\WordPress\MWC\Common\Repositories\WordPressRepository::getUser is deprecated since version x.y.z! Use GoDaddy\WordPress\MWC\Common\Users\User::getCurrent() instead.
[04-Jun-2021 01:47:07 UTC] 16384: GoDaddy\WordPress\MWC\Common\Repositories\WordPressRepository::getUserByEmail is deprecated since version x.y.z! Use GoDaddy\WordPress\MWC\Common\Users\User::getByEmail() instead.
[04-Jun-2021 01:47:07 UTC] 16384: GoDaddy\WordPress\MWC\Common\Repositories\WordPressRepository::getUserByLogin is deprecated since version x.y.z! Use GoDaddy\WordPress\MWC\Common\Users\User::getByHandle() instead.
[04-Jun-2021 01:47:07 UTC] 16384: GoDaddy\WordPress\MWC\Common\Repositories\WordPressRepository::getCurrentUserId is deprecated since version x.y.z! Use GoDaddy\WordPress\MWC\Common\Users\User::getCurrent() instead.
[04-Jun-2021 01:47:07 UTC] 16384: GoDaddy\WordPress\MWC\Common\Repositories\WordPressRepository::getUser is deprecated since version x.y.z! Use GoDaddy\WordPress\MWC\Common\Users\User::getCurrent() instead.
[04-Jun-2021 01:47:13 UTC] 16384: GoDaddy\WordPress\MWC\Common\Repositories\WordPressRepository::getUser is deprecated since version x.y.z! Use GoDaddy\WordPress\MWC\Common\Users\User::getCurrent() instead.
[04-Jun-2021 01:47:13 UTC] 16384: GoDaddy\WordPress\MWC\Common\Repositories\WordPressRepository::getUserByEmail is deprecated since version x.y.z! Use GoDaddy\WordPress\MWC\Common\Users\User::getByEmail() instead.
[04-Jun-2021 01:47:13 UTC] 16384: GoDaddy\WordPress\MWC\Common\Repositories\WordPressRepository::getUserByLogin is deprecated since version x.y.z! Use GoDaddy\WordPress\MWC\Common\Users\User::getByHandle() instead.
[04-Jun-2021 01:47:13 UTC] 16384: GoDaddy\WordPress\MWC\Common\Repositories\WordPressRepository::getCurrentUserId is deprecated since version x.y.z! Use GoDaddy\WordPress\MWC\Common\Users\User::getCurrent() instead.
[04-Jun-2021 01:47:13 UTC] 16384: GoDaddy\WordPress\MWC\Common\Repositories\WordPressRepository::getUser is deprecated since version x.y.z! Use GoDaddy\WordPress\MWC\Common\Users\User::getCurrent() instead.
[04-Jun-2021 01:47:14 UTC] 16384: GoDaddy\WordPress\MWC\Common\Repositories\WordPressRepository::getUser is deprecated since version x.y.z! Use GoDaddy\WordPress\MWC\Common\Users\User::getCurrent() instead.
[04-Jun-2021 01:47:14 UTC] 16384: GoDaddy\WordPress\MWC\Common\Repositories\WordPressRepository::getUser is deprecated since version x.y.z! Use GoDaddy\WordPress\MWC\Common\Users\User::getCurrent() instead.
[04-Jun-2021 01:47:14 UTC] 16384: GoDaddy\WordPress\MWC\Common\Repositories\WordPressRepository::getUser is deprecated since version x.y.z! Use GoDaddy\WordPress\MWC\Common\Users\User::getCurrent() instead.
[04-Jun-2021 01:47:14 UTC] 16384: GoDaddy\WordPress\MWC\Common\Repositories\WordPressRepository::getUser is deprecated since version x.y.z! Use GoDaddy\WordPress\MWC\Common\Users\User::getCurrent() instead.
[04-Jun-2021 01:47:14 UTC] 16384: GoDaddy\WordPress\MWC\Common\Repositories\WordPressRepository::getUser is deprecated since version x.y.z! Use GoDaddy\WordPress\MWC\Common\Users\User::getCurrent() instead.
[04-Jun-2021 01:47:14 UTC] 16384: GoDaddy\WordPress\MWC\Common\Repositories\WordPressRepository::getUser is deprecated since version x.y.z! Use GoDaddy\WordPress\MWC\Common\Users\User::getCurrent() instead.
[04-Jun-2021 01:47:14 UTC] 16384: GoDaddy\WordPress\MWC\Common\Repositories\WordPressRepository::getUser is deprecated since version x.y.z! Use GoDaddy\WordPress\MWC\Common\Users\User::getCurrent() instead.
[04-Jun-2021 01:47:14 UTC] 16384: GoDaddy\WordPress\MWC\Common\Repositories\WordPressRepository::getUser is deprecated since version x.y.z! Use GoDaddy\WordPress\MWC\Common\Users\User::getCurrent() instead.
[04-Jun-2021 01:47:14 UTC] 16384: GoDaddy\WordPress\MWC\Common\Repositories\WordPressRepository::getUser is deprecated since version x.y.z! Use GoDaddy\WordPress\MWC\Common\Users\User::getCurrent() instead.
[04-Jun-2021 01:47:14 UTC] 16384: GoDaddy\WordPress\MWC\Common\Repositories\WordPressRepository::getUserByEmail is deprecated since version x.y.z! Use GoDaddy\WordPress\MWC\Common\Users\User::getByEmail() instead.
[04-Jun-2021 01:47:14 UTC] 16384: GoDaddy\WordPress\MWC\Common\Repositories\WordPressRepository::getUserByLogin is deprecated since version x.y.z! Use GoDaddy\WordPress\MWC\Common\Users\User::getByHandle() instead.
[04-Jun-2021 01:47:14 UTC] 16384: GoDaddy\WordPress\MWC\Common\Repositories\WordPressRepository::getCurrentUserId is deprecated since version x.y.z! Use GoDaddy\WordPress\MWC\Common\Users\User::getCurrent() instead.
[04-Jun-2021 01:47:14 UTC] 16384: GoDaddy\WordPress\MWC\Common\Repositories\WordPressRepository::getUser is deprecated since version x.y.z! Use GoDaddy\WordPress\MWC\Common\Users\User::getCurrent() instead.
[04-Jun-2021 01:47:41 UTC] 16384: GoDaddy\WordPress\MWC\Common\Repositories\WordPressRepository::getUser is deprecated since version x.y.z! Use GoDaddy\WordPress\MWC\Common\Users\User::getCurrent() instead.
[04-Jun-2021 01:47:41 UTC] 16384: GoDaddy\WordPress\MWC\Common\Repositories\WordPressRepository::getUserByEmail is deprecated since version x.y.z! Use GoDaddy\WordPress\MWC\Common\Users\User::getByEmail() instead.
[04-Jun-2021 01:47:41 UTC] 16384: GoDaddy\WordPress\MWC\Common\Repositories\WordPressRepository::getUserByLogin is deprecated since version x.y.z! Use GoDaddy\WordPress\MWC\Common\Users\User::getByHandle() instead.
[04-Jun-2021 01:47:41 UTC] 16384: GoDaddy\WordPress\MWC\Common\Repositories\WordPressRepository::getCurrentUserId is deprecated since version x.y.z! Use GoDaddy\WordPress\MWC\Common\Users\User::getCurrent() instead.
[04-Jun-2021 01:47:41 UTC] 16384: GoDaddy\WordPress\MWC\Common\Repositories\WordPressRepository::getUser is deprecated since version x.y.z! Use GoDaddy\WordPress\MWC\Common\Users\User::getCurrent() instead.
[04-Jun-2021 01:47:41 UTC] 16384: GoDaddy\WordPress\MWC\Common\Repositories\WordPressRepository::getUser is deprecated since version x.y.z! Use GoDaddy\WordPress\MWC\Common\Users\User::getCurrent() instead.
[04-Jun-2021 01:47:41 UTC] 16384: GoDaddy\WordPress\MWC\Common\Repositories\WordPressRepository::getUser is deprecated since version x.y.z! Use GoDaddy\WordPress\MWC\Common\Users\User::getCurrent() instead.
[04-Jun-2021 01:47:41 UTC] 16384: GoDaddy\WordPress\MWC\Common\Repositories\WordPressRepository::getUser is deprecated since version x.y.z! Use GoDaddy\WordPress\MWC\Common\Users\User::getCurrent() instead.
[04-Jun-2021 01:47:41 UTC] 16384: GoDaddy\WordPress\MWC\Common\Repositories\WordPressRepository::getUser is deprecated since version x.y.z! Use GoDaddy\WordPress\MWC\Common\Users\User::getCurrent() instead.
[04-Jun-2021 01:47:41 UTC] 16384: GoDaddy\WordPress\MWC\Common\Repositories\WordPressRepository::getUser is deprecated since version x.y.z! Use GoDaddy\WordPress\MWC\Common\Users\User::getCurrent() instead.
[04-Jun-2021 01:47:41 UTC] 16384: GoDaddy\WordPress\MWC\Common\Repositories\WordPressRepository::getUser is deprecated since version x.y.z! Use GoDaddy\WordPress\MWC\Common\Users\User::getCurrent() instead.
[04-Jun-2021 01:47:41 UTC] 16384: GoDaddy\WordPress\MWC\Common\Repositories\WordPressRepository::getUser is deprecated since version x.y.z! Use GoDaddy\WordPress\MWC\Common\Users\User::getCurrent() instead.
[04-Jun-2021 01:47:41 UTC] 16384: GoDaddy\WordPress\MWC\Common\Repositories\WordPressRepository::getUser is deprecated since version x.y.z! Use GoDaddy\WordPress\MWC\Common\Users\User::getCurrent() instead.
[04-Jun-2021 01:47:41 UTC] 16384: GoDaddy\WordPress\MWC\Common\Repositories\WordPressRepository::getUser is deprecated since version x.y.z! Use GoDaddy\WordPress\MWC\Common\Users\User::getCurrent() instead.
[04-Jun-2021 01:47:41 UTC] 16384: GoDaddy\WordPress\MWC\Common\Repositories\WordPressRepository::getUserByEmail is deprecated since version x.y.z! Use GoDaddy\WordPress\MWC\Common\Users\User::getByEmail() instead.
[04-Jun-2021 01:47:41 UTC] 16384: GoDaddy\WordPress\MWC\Common\Repositories\WordPressRepository::getUserByLogin is deprecated since version x.y.z! Use GoDaddy\WordPress\MWC\Common\Users\User::getByHandle() instead.
[04-Jun-2021 01:47:41 UTC] 16384: GoDaddy\WordPress\MWC\Common\Repositories\WordPressRepository::getCurrentUserId is deprecated since version x.y.z! Use GoDaddy\WordPress\MWC\Common\Users\User::getCurrent() instead.
[04-Jun-2021 01:47:41 UTC] 16384: GoDaddy\WordPress\MWC\Common\Repositories\WordPressRepository::getUser is deprecated since version x.y.z! Use GoDaddy\WordPress\MWC\Common\Users\User::getCurrent() instead.
[04-Jun-2021 01:47:43 UTC] 16384: GoDaddy\WordPress\MWC\Common\Repositories\WordPressRepository::getUser is deprecated since version x.y.z! Use GoDaddy\WordPress\MWC\Common\Users\User::getCurrent() instead.
[04-Jun-2021 01:47:43 UTC] 16384: GoDaddy\WordPress\MWC\Common\Repositories\WordPressRepository::getUserByEmail is deprecated since version x.y.z! Use GoDaddy\WordPress\MWC\Common\Users\User::getByEmail() instead.
[04-Jun-2021 01:47:44 UTC] 16384: GoDaddy\WordPress\MWC\Common\Repositories\WordPressRepository::getUserByLogin is deprecated since version x.y.z! Use GoDaddy\WordPress\MWC\Common\Users\User::getByHandle() instead.
[04-Jun-2021 01:47:44 UTC] 16384: GoDaddy\WordPress\MWC\Common\Repositories\WordPressRepository::getCurrentUserId is deprecated since version x.y.z! Use GoDaddy\WordPress\MWC\Common\Users\User::getCurrent() instead.
[04-Jun-2021 01:47:44 UTC] 16384: GoDaddy\WordPress\MWC\Common\Repositories\WordPressRepository::getUser is deprecated since version x.y.z! Use GoDaddy\WordPress\MWC\Common\Users\User::getCurrent() instead.
[04-Jun-2021 01:47:44 UTC] 16384: GoDaddy\WordPress\MWC\Common\Repositories\WordPressRepository::getUser is deprecated since version x.y.z! Use GoDaddy\WordPress\MWC\Common\Users\User::getCurrent() instead.
[04-Jun-2021 01:47:44 UTC] 16384: GoDaddy\WordPress\MWC\Common\Repositories\WordPressRepository::getUser is deprecated since version x.y.z! Use GoDaddy\WordPress\MWC\Common\Users\User::getCurrent() instead.
[04-Jun-2021 01:47:44 UTC] 16384: GoDaddy\WordPress\MWC\Common\Repositories\WordPressRepository::getUser is deprecated since version x.y.z! Use GoDaddy\WordPress\MWC\Common\Users\User::getCurrent() instead.
[04-Jun-2021 01:47:44 UTC] 16384: GoDaddy\WordPress\MWC\Common\Repositories\WordPressRepository::getUser is deprecated since version x.y.z! Use GoDaddy\WordPress\MWC\Common\Users\User::getCurrent() instead.
[04-Jun-2021 01:47:44 UTC] 16384: GoDaddy\WordPress\MWC\Common\Repositories\WordPressRepository::getUser is deprecated since version x.y.z! Use GoDaddy\WordPress\MWC\Common\Users\User::getCurrent() instead.
[04-Jun-2021 01:47:44 UTC] 16384: GoDaddy\WordPress\MWC\Common\Repositories\WordPressRepository::getUser is deprecated since version x.y.z! Use GoDaddy\WordPress\MWC\Common\Users\User::getCurrent() instead.
[04-Jun-2021 01:47:44 UTC] 16384: GoDaddy\WordPress\MWC\Common\Repositories\WordPressRepository::getUser is deprecated since version x.y.z! Use GoDaddy\WordPress\MWC\Common\Users\User::getCurrent() instead.
[04-Jun-2021 01:47:44 UTC] 16384: GoDaddy\WordPress\MWC\Common\Repositories\WordPressRepository::getUser is deprecated since version x.y.z! Use GoDaddy\WordPress\MWC\Common\Users\User::getCurrent() instead.
[04-Jun-2021 01:47:44 UTC] 16384: GoDaddy\WordPress\MWC\Common\Repositories\WordPressRepository::getUser is deprecated since version x.y.z! Use GoDaddy\WordPress\MWC\Common\Users\User::getCurrent() instead.
[04-Jun-2021 01:47:44 UTC] 16384: GoDaddy\WordPress\MWC\Common\Repositories\WordPressRepository::getUserByEmail is deprecated since version x.y.z! Use GoDaddy\WordPress\MWC\Common\Users\User::getByEmail() instead.
[04-Jun-2021 01:47:44 UTC] 16384: GoDaddy\WordPress\MWC\Common\Repositories\WordPressRepository::getUserByLogin is deprecated since version x.y.z! Use GoDaddy\WordPress\MWC\Common\Users\User::getByHandle() instead.
[04-Jun-2021 01:47:44 UTC] 16384: GoDaddy\WordPress\MWC\Common\Repositories\WordPressRepository::getCurrentUserId is deprecated since version x.y.z! Use GoDaddy\WordPress\MWC\Common\Users\User::getCurrent() instead.
[04-Jun-2021 01:47:44 UTC] 16384: GoDaddy\WordPress\MWC\Common\Repositories\WordPressRepository::getUser is deprecated since version x.y.z! Use GoDaddy\WordPress\MWC\Common\Users\User::getCurrent() instead.
[04-Jun-2021 01:47:49 UTC] 16384: GoDaddy\WordPress\MWC\Common\Repositories\WordPressRepository::getUser is deprecated since version x.y.z! Use GoDaddy\WordPress\MWC\Common\Users\User::getCurrent() instead.
[04-Jun-2021 01:47:49 UTC] 16384: GoDaddy\WordPress\MWC\Common\Repositories\WordPressRepository::getUserByEmail is deprecated since version x.y.z! Use GoDaddy\WordPress\MWC\Common\Users\User::getByEmail() instead.
[04-Jun-2021 01:47:49 UTC] 16384: GoDaddy\WordPress\MWC\Common\Repositories\WordPressRepository::getUserByLogin is deprecated since version x.y.z! Use GoDaddy\WordPress\MWC\Common\Users\User::getByHandle() instead.
[04-Jun-2021 01:47:49 UTC] 16384: GoDaddy\WordPress\MWC\Common\Repositories\WordPressRepository::getCurrentUserId is deprecated since version x.y.z! Use GoDaddy\WordPress\MWC\Common\Users\User::getCurrent() instead.
[04-Jun-2021 01:47:49 UTC] 16384: GoDaddy\WordPress\MWC\Common\Repositories\WordPressRepository::getUser is deprecated since version x.y.z! Use GoDaddy\WordPress\MWC\Common\Users\User::getCurrent() instead.
[04-Jun-2021 01:47:49 UTC] 16384: GoDaddy\WordPress\MWC\Common\Repositories\WordPressRepository::getUser is deprecated since version x.y.z! Use GoDaddy\WordPress\MWC\Common\Users\User::getCurrent() instead.
[04-Jun-2021 01:47:49 UTC] 16384: GoDaddy\WordPress\MWC\Common\Repositories\WordPressRepository::getUser is deprecated since version x.y.z! Use GoDaddy\WordPress\MWC\Common\Users\User::getCurrent() instead.
[04-Jun-2021 01:47:49 UTC] 16384: GoDaddy\WordPress\MWC\Common\Repositories\WordPressRepository::getUser is deprecated since version x.y.z! Use GoDaddy\WordPress\MWC\Common\Users\User::getCurrent() instead.
[04-Jun-2021 01:47:49 UTC] 16384: GoDaddy\WordPress\MWC\Common\Repositories\WordPressRepository::getUser is deprecated since version x.y.z! Use GoDaddy\WordPress\MWC\Common\Users\User::getCurrent() instead.
[04-Jun-2021 01:47:49 UTC] 16384: GoDaddy\WordPress\MWC\Common\Repositories\WordPressRepository::getUser is deprecated since version x.y.z! Use GoDaddy\WordPress\MWC\Common\Users\User::getCurrent() instead.
[04-Jun-2021 01:47:49 UTC] 16384: GoDaddy\WordPress\MWC\Common\Repositories\WordPressRepository::getUser is deprecated since version x.y.z! Use GoDaddy\WordPress\MWC\Common\Users\User::getCurrent() instead.
[04-Jun-2021 01:47:49 UTC] 16384: GoDaddy\WordPress\MWC\Common\Repositories\WordPressRepository::getUser is deprecated since version x.y.z! Use GoDaddy\WordPress\MWC\Common\Users\User::getCurrent() instead.
[04-Jun-2021 01:47:49 UTC] 16384: GoDaddy\WordPress\MWC\Common\Repositories\WordPressRepository::getUser is deprecated since version x.y.z! Use GoDaddy\WordPress\MWC\Common\Users\User::getCurrent() instead.
[04-Jun-2021 01:47:49 UTC] 16384: GoDaddy\WordPress\MWC\Common\Repositories\WordPressRepository::getUser is deprecated since version x.y.z! Use GoDaddy\WordPress\MWC\Common\Users\User::getCurrent() instead.
[04-Jun-2021 01:47:49 UTC] 16384: GoDaddy\WordPress\MWC\Common\Repositories\WordPressRepository::getUserByEmail is deprecated since version x.y.z! Use GoDaddy\WordPress\MWC\Common\Users\User::getByEmail() instead.
[04-Jun-2021 01:47:49 UTC] 16384: GoDaddy\WordPress\MWC\Common\Repositories\WordPressRepository::getUserByLogin is deprecated since version x.y.z! Use GoDaddy\WordPress\MWC\Common\Users\User::getByHandle() instead.
[04-Jun-2021 01:47:49 UTC] 16384: GoDaddy\WordPress\MWC\Common\Repositories\WordPressRepository::getCurrentUserId is deprecated since version x.y.z! Use GoDaddy\WordPress\MWC\Common\Users\User::getCurrent() instead.
[04-Jun-2021 01:47:49 UTC] 16384: GoDaddy\WordPress\MWC\Common\Repositories\WordPressRepository::getUser is deprecated since version x.y.z! Use GoDaddy\WordPress\MWC\Common\Users\User::getCurrent() instead.
[04-Jun-2021 01:48:16 UTC] 16384: GoDaddy\WordPress\MWC\Common\Repositories\WordPressRepository::getUser is deprecated since version x.y.z! Use GoDaddy\WordPress\MWC\Common\Users\User::getCurrent() instead.
[04-Jun-2021 01:48:16 UTC] 16384: GoDaddy\WordPress\MWC\Common\Repositories\WordPressRepository::getUserByEmail is deprecated since version x.y.z! Use GoDaddy\WordPress\MWC\Common\Users\User::getByEmail() instead.
[04-Jun-2021 01:48:16 UTC] 16384: GoDaddy\WordPress\MWC\Common\Repositories\WordPressRepository::getUserByLogin is deprecated since version x.y.z! Use GoDaddy\WordPress\MWC\Common\Users\User::getByHandle() instead.
[04-Jun-2021 01:48:16 UTC] 16384: GoDaddy\WordPress\MWC\Common\Repositories\WordPressRepository::getCurrentUserId is deprecated since version x.y.z! Use GoDaddy\WordPress\MWC\Common\Users\User::getCurrent() instead.
[04-Jun-2021 01:48:16 UTC] 16384: GoDaddy\WordPress\MWC\Common\Repositories\WordPressRepository::getUser is deprecated since version x.y.z! Use GoDaddy\WordPress\MWC\Common\Users\User::getCurrent() instead.
